<?xml version="1.0" encoding="UTF-8"?>
<testng-results ignored="0" total="1" passed="1" failed="0" skipped="0">
  <reporter-output>
    <line>
      <![CDATA[running verify user id]]>
    </line>
    <line>
      <![CDATA[Logout Application]]>
    </line>
    <line>
      <![CDATA[Close Browser]]>
    </line>
  </reporter-output>
  <suite started-at="2022-09-02T15:23:17 IST" name="Default suite" finished-at="2022-09-02T15:24:38 IST" duration-ms="80766">
    <groups>
    </groups>
    <test started-at="2022-09-02T15:23:17 IST" name="Default test" finished-at="2022-09-02T15:24:38 IST" duration-ms="80766">
      <class name="KiteTest.Test_class">
        <test-method is-config="true" signature="openBrowser()[pri:0, instance:KiteTest.Test_class@4135c3b]" started-at="2022-09-02T15:23:17 IST" name="openBrowser" finished-at="2022-09-02T15:24:07 IST" duration-ms="49174" status="PASS">
          <reporter-output>
          </reporter-output>
        </test-method> <!-- openBrowser -->
        <test-method is-config="true" signature="logInTOApplication()[pri:0, instance:KiteTest.Test_class@4135c3b]" started-at="2022-09-02T15:24:07 IST" name="logInTOApplication" finished-at="2022-09-02T15:24:27 IST" duration-ms="19629" status="PASS">
          <reporter-output>
          </reporter-output>
        </test-method> <!-- logInTOApplication -->
        <test-method signature="verifyUserID()[pri:0, instance:KiteTest.Test_class@4135c3b]" started-at="2022-09-02T15:24:27 IST" name="verifyUserID" finished-at="2022-09-02T15:24:38 IST" duration-ms="11209" status="PASS">
          <reporter-output>
            <line>
              <![CDATA[running verify user id]]>
            </line>
          </reporter-output>
        </test-method> <!-- verifyUserID -->
        <test-method is-config="true" signature="logOutApplication()[pri:0, instance:KiteTest.Test_class@4135c3b]" started-at="2022-09-02T15:24:38 IST" name="logOutApplication" finished-at="2022-09-02T15:24:38 IST" duration-ms="1" status="PASS">
          <reporter-output>
            <line>
              <![CDATA[Logout Application]]>
            </line>
          </reporter-output>
        </test-method> <!-- logOutApplication -->
        <test-method is-config="true" signature="closeBrowser()[pri:0, instance:KiteTest.Test_class@4135c3b]" started-at="2022-09-02T15:24:38 IST" name="closeBrowser" finished-at="2022-09-02T15:24:38 IST" duration-ms="2" status="PASS">
          <reporter-output>
            <line>
              <![CDATA[Close Browser]]>
            </line>
          </reporter-output>
        </test-method> <!-- closeBrowser -->
      </class> <!-- KiteTest.Test_class -->
    </test> <!-- Default test -->
  </suite> <!-- Default suite -->
</testng-results>
